<?xml version="1.0" encoding="UTF-8"?>
<testsuite xmlns:xsi="http://www.w3.org/2001/XMLSchema-instance" xsi:noNamespaceSchemaLocation="https://maven.apache.org/surefire/maven-surefire-plugin/xsd/surefire-test-report.xsd" name="com.softwareTesting.RobotProject.RobotCheckInputTest" time="0.029" tests="84" errors="0" skipped="0" failures="0">
  <properties>
[...]
</properties>
  <testcase name="testCheckInputInvalidLength[0]" classname="com.softwareTesting.RobotProject.RobotCheckInputTest" time="0"/>
  <testcase name="testCheckInputInvalidSymbol[0]" classname="com.softwareTesting.RobotProject.RobotCheckInputTest" time="0"/>
  <testcase name="testCheckInputTestValidInput[0]" classname="com.softwareTesting.RobotProject.RobotCheckInputTest" time="0"/>
  <testcase name="testCheckInputInvalidCommand[0]" classname="com.softwareTesting.RobotProject.RobotCheckInputTest" time="0"/>
  <testcase name="testCheckInputTestValid_I[0]" classname="com.softwareTesting.RobotProject.RobotCheckInputTest" time="0"/>
  <testcase name="testCheckInputTestValid_M[0]" classname="com.softwareTesting.RobotProject.RobotCheckInputTest" time="0"/>
  <testcase name="testCheckInputInvalidLength[1]" classname="com.softwareTesting.RobotProject.RobotCheckInputTest" time="0"/>
  <testcase name="testCheckInputInvalidSymbol[1]" classname="com.softwareTesting.RobotProject.RobotCheckInputTest" time="0"/>
  <testcase name="testCheckInputTestValidInput[1]" classname="com.softwareTesting.RobotProject.RobotCheckInputTest" time="0"/>
  <testcase name="testCheckInputInvalidCommand[1]" classname="com.softwareTesting.RobotProject.RobotCheckInputTest" time="0"/>
  <testcase name="testCheckInputTestValid_I[1]" classname="com.softwareTesting.RobotProject.RobotCheckInputTest" time="0"/>
  <testcase name="testCheckInputTestValid_M[1]" classname="com.softwareTesting.RobotProject.RobotCheckInputTest" time="0"/>
  <testcase name="testCheckInputInvalidLength[2]" classname="com.softwareTesting.RobotProject.RobotCheckInputTest" time="0"/>
  <testcase name="testCheckInputInvalidSymbol[2]" classname="com.softwareTesting.RobotProject.RobotCheckInputTest" time="0"/>
  <testcase name="testCheckInputTestValidInput[2]" classname="com.softwareTesting.RobotProject.RobotCheckInputTest" time="0"/>
  <testcase name="testCheckInputInvalidCommand[2]" classname="com.softwareTesting.RobotProject.RobotCheckInputTest" time="0"/>
  <testcase name="testCheckInputTestValid_I[2]" classname="com.softwareTesting.RobotProject.RobotCheckInputTest" time="0"/>
  <testcase name="testCheckInputTestValid_M[2]" classname="com.softwareTesting.RobotProject.RobotCheckInputTest" time="0"/>
  <testcase name="testCheckInputInvalidLength[3]" classname="com.softwareTesting.RobotProject.RobotCheckInputTest" time="0"/>
  <testcase name="testCheckInputInvalidSymbol[3]" classname="com.softwareTesting.RobotProject.RobotCheckInputTest" time="0"/>
  <testcase name="testCheckInputTestValidInput[3]" classname="com.softwareTesting.RobotProject.RobotCheckInputTest" time="0.001"/>
  <testcase name="testCheckInputInvalidCommand[3]" classname="com.softwareTesting.RobotProject.RobotCheckInputTest" time="0"/>
  <testcase name="testCheckInputTestValid_I[3]" classname="com.softwareTesting.RobotProject.RobotCheckInputTest" time="0"/>
  <testcase name="testCheckInputTestValid_M[3]" classname="com.softwareTesting.RobotProject.RobotCheckInputTest" time="0"/>
  <testcase name="testCheckInputInvalidLength[4]" classname="com.softwareTesting.RobotProject.RobotCheckInputTest" time="0"/>
  <testcase name="testCheckInputInvalidSymbol[4]" classname="com.softwareTesting.RobotProject.RobotCheckInputTest" time="0.001"/>
  <testcase name="testCheckInputTestValidInput[4]" classname="com.softwareTesting.RobotProject.RobotCheckInputTest" time="0"/>
  <testcase name="testCheckInputInvalidCommand[4]" classname="com.softwareTesting.RobotProject.RobotCheckInputTest" time="0"/>
  <testcase name="testCheckInputTestValid_I[4]" classname="com.softwareTesting.RobotProject.RobotCheckInputTest" time="0"/>
  <testcase name="testCheckInputTestValid_M[4]" classname="com.softwareTesting.RobotProject.RobotCheckInputTest" time="0"/>
  <testcase name="testCheckInputInvalidLength[5]" classname="com.softwareTesting.RobotProject.RobotCheckInputTest" time="0"/>
  <testcase name="testCheckInputInvalidSymbol[5]" classname="com.softwareTesting.RobotProject.RobotCheckInputTest" time="0"/>
  <testcase name="testCheckInputTestValidInput[5]" classname="com.softwareTesting.RobotProject.RobotCheckInputTest" time="0"/>
  <testcase name="testCheckInputInvalidCommand[5]" classname="com.softwareTesting.RobotProject.RobotCheckInputTest" time="0"/>
  <testcase name="testCheckInputTestValid_I[5]" classname="com.softwareTesting.RobotProject.RobotCheckInputTest" time="0"/>
  <testcase name="testCheckInputTestValid_M[5]" classname="com.softwareTesting.RobotProject.RobotCheckInputTest" time="0"/>
  <testcase name="testCheckInputInvalidLength[6]" classname="com.softwareTesting.RobotProject.RobotCheckInputTest" time="0.003"/>
  <testcase name="testCheckInputInvalidSymbol[6]" classname="com.softwareTesting.RobotProject.RobotCheckInputTest" time="0"/>
  <testcase name="testCheckInputTestValidInput[6]" classname="com.softwareTesting.RobotProject.RobotCheckInputTest" time="0"/>
  <testcase name="testCheckInputInvalidCommand[6]" classname="com.softwareTesting.RobotProject.RobotCheckInputTest" time="0"/>
  <testcase name="testCheckInputTestValid_I[6]" classname="com.softwareTesting.RobotProject.RobotCheckInputTest" time="0"/>
  <testcase name="testCheckInputTestValid_M[6]" classname="com.softwareTesting.RobotProject.RobotCheckInputTest" time="0"/>
  <testcase name="testCheckInputInvalidLength[7]" classname="com.softwareTesting.RobotProject.RobotCheckInputTest" time="0"/>
  <testcase name="testCheckInputInvalidSymbol[7]" classname="com.softwareTesting.RobotProject.RobotCheckInputTest" time="0.001"/>
  <testcase name="testCheckInputTestValidInput[7]" classname="com.softwareTesting.RobotProject.RobotCheckInputTest" time="0"/>
  <testcase name="testCheckInputInvalidCommand[7]" classname="com.softwareTesting.RobotProject.RobotCheckInputTest" time="0"/>
  <testcase name="testCheckInputTestValid_I[7]" classname="com.softwareTesting.RobotProject.RobotCheckInputTest" time="0"/>
  <testcase name="testCheckInputTestValid_M[7]" classname="com.softwareTesting.RobotProject.RobotCheckInputTest" time="0"/>
  <testcase name="testCheckInputInvalidLength[8]" classname="com.softwareTesting.RobotProject.RobotCheckInputTest" time="0"/>
  <testcase name="testCheckInputInvalidSymbol[8]" classname="com.softwareTesting.RobotProject.RobotCheckInputTest" time="0"/>
  <testcase name="testCheckInputTestValidInput[8]" classname="com.softwareTesting.RobotProject.RobotCheckInputTest" time="0"/>
  <testcase name="testCheckInputInvalidCommand[8]" classname="com.softwareTesting.RobotProject.RobotCheckInputTest" time="0.001"/>
  <testcase name="testCheckInputTestValid_I[8]" classname="com.softwareTesting.RobotProject.RobotCheckInputTest" time="0"/>
  <testcase name="testCheckInputTestValid_M[8]" classname="com.softwareTesting.RobotProject.RobotCheckInputTest" time="0"/>
  <testcase name="testCheckInputInvalidLength[9]" classname="com.softwareTesting.RobotProject.RobotCheckInputTest" time="0"/>
  <testcase name="testCheckInputInvalidSymbol[9]" classname="com.softwareTesting.RobotProject.RobotCheckInputTest" time="0"/>
  <testcase name="testCheckInputTestValidInput[9]" classname="com.softwareTesting.RobotProject.RobotCheckInputTest" time="0"/>
  <testcase name="testCheckInputInvalidCommand[9]" classname="com.softwareTesting.RobotProject.RobotCheckInputTest" time="0"/>
  <testcase name="testCheckInputTestValid_I[9]" classname="com.softwareTesting.RobotProject.RobotCheckInputTest" time="0"/>
  <testcase name="testCheckInputTestValid_M[9]" classname="com.softwareTesting.RobotProject.RobotCheckInputTest" time="0"/>
  <testcase name="testCheckInputInvalidLength[10]" classname="com.softwareTesting.RobotProject.RobotCheckInputTest" time="0"/>
  <testcase name="testCheckInputInvalidSymbol[10]" classname="com.softwareTesting.RobotProject.RobotCheckInputTest" time="0"/>
  <testcase name="testCheckInputTestValidInput[10]" classname="com.softwareTesting.RobotProject.RobotCheckInputTest" time="0"/>
  <testcase name="testCheckInputInvalidCommand[10]" classname="com.softwareTesting.RobotProject.RobotCheckInputTest" time="0"/>
  <testcase name="testCheckInputTestValid_I[10]" classname="com.softwareTesting.RobotProject.RobotCheckInputTest" time="0.001"/>
  <testcase name="testCheckInputTestValid_M[10]" classname="com.softwareTesting.RobotProject.RobotCheckInputTest" time="0"/>
  <testcase name="testCheckInputInvalidLength[11]" classname="com.softwareTesting.RobotProject.RobotCheckInputTest" time="0"/>
  <testcase name="testCheckInputInvalidSymbol[11]" classname="com.softwareTesting.RobotProject.RobotCheckInputTest" time="0"/>
  <testcase name="testCheckInputTestValidInput[11]" classname="com.softwareTesting.RobotProject.RobotCheckInputTest" time="0"/>
  <testcase name="testCheckInputInvalidCommand[11]" classname="com.softwareTesting.RobotProject.RobotCheckInputTest" time="0"/>
  <testcase name="testCheckInputTestValid_I[11]" classname="com.softwareTesting.RobotProject.RobotCheckInputTest" time="0"/>
  <testcase name="testCheckInputTestValid_M[11]" classname="com.softwareTesting.RobotProject.RobotCheckInputTest" time="0.001"/>
  <testcase name="testCheckInputInvalidLength[12]" classname="com.softwareTesting.RobotProject.RobotCheckInputTest" time="0"/>
  <testcase name="testCheckInputInvalidSymbol[12]" classname="com.softwareTesting.RobotProject.RobotCheckInputTest" time="0"/>
  <testcase name="testCheckInputTestValidInput[12]" classname="com.softwareTesting.RobotProject.RobotCheckInputTest" time="0.002"/>
  <testcase name="testCheckInputInvalidCommand[12]" classname="com.softwareTesting.RobotProject.RobotCheckInputTest" time="0"/>
  <testcase name="testCheckInputTestValid_I[12]" classname="com.softwareTesting.RobotProject.RobotCheckInputTest" time="0"/>
  <testcase name="testCheckInputTestValid_M[12]" classname="com.softwareTesting.RobotProject.RobotCheckInputTest" time="0"/>
  <testcase name="testCheckInputInvalidLength[13]" classname="com.softwareTesting.RobotProject.RobotCheckInputTest" time="0"/>
  <testcase name="testCheckInputInvalidSymbol[13]" classname="com.softwareTesting.RobotProject.RobotCheckInputTest" time="0"/>
  <testcase name="testCheckInputTestValidInput[13]" classname="com.softwareTesting.RobotProject.RobotCheckInputTest" time="0"/>
  <testcase name="testCheckInputInvalidCommand[13]" classname="com.softwareTesting.RobotProject.RobotCheckInputTest" time="0"/>
  <testcase name="testCheckInputTestValid_I[13]" classname="com.softwareTesting.RobotProject.RobotCheckInputTest" time="0"/>
  <testcase name="testCheckInputTestValid_M[13]" classname="com.softwareTesting.RobotProject.RobotCheckInputTest" time="0.001"/>
</testsuite>